[03-Jun-2024 12:37:53 UTC] WordPress database error Table 'wp_actionscheduler_actions' already exists for query CREATE TABLE wp_actionscheduler_actions (
				        action_id bigint(20) unsigned NOT NULL auto_increment,
				        hook varchar(191) NOT NULL,
				        status varchar(20) NOT NULL,
				        scheduled_date_gmt datetime NULL default '0000-00-00 00:00:00',
				        scheduled_date_local datetime NULL default '0000-00-00 00:00:00',
				        priority tinyint unsigned NOT NULL default '10',
				        args varchar(191),
				        schedule longtext,
				        group_id bigint(20) unsigned NOT NULL default '0',
				        attempts int(11) NOT NULL default '0',
				        last_attempt_gmt datetime NULL default '0000-00-00 00:00:00',
				        last_attempt_local datetime NULL default '0000-00-00 00:00:00',
				        claim_id bigint(20) unsigned NOT NULL default '0',
				        extended_args varchar(8000) DEFAULT NULL,
				        PRIMARY KEY  (action_id),
				        KEY hook_status_scheduled_date_gmt (hook(163), status, scheduled_date_gmt),
				        KEY status_scheduled_date_gmt (status, scheduled_date_gmt),
				        KEY scheduled_date_gmt (scheduled_date_gmt),
				        KEY args (args(191)),
				        KEY group_id (group_id),
				        KEY last_attempt_gmt (last_attempt_gmt),
				        KEY `claim_id_status_scheduled_date_gmt` (`claim_id`, `status`, `scheduled_date_gmt`)
				        ) DEFAULT CHARACTER SET utf8mb4 COLLATE utf8mb4_unicode_520_ci made by do_action('wp_ajax_owp_ajax_required_plugins_activate'), WP_Hook->do_action, WP_Hook->apply_filters, OceanWP_Demos->ajax_required_plugins_activate, activate_plugin, plugin_sandbox_scrape, include_once('/plugins/wpforms-lite/wpforms.php'), wpforms, WPForms\WPForms::instance, WPForms\WPForms->includes, WPForms\WPForms->includes_magic, require_once('/plugins/wpforms-lite/vendor/woocommerce/action-scheduler/action-scheduler.php'), action_scheduler_initialize_3_dot_7_dot_2, ActionScheduler::init, ActionScheduler_HybridStore->init, ActionScheduler_DBStore->init, ActionScheduler_Abstract_Schema->register_tables, ActionScheduler_Abstract_Schema->update_table, dbDelta
[03-Jun-2024 12:37:53 UTC] WordPress database error Duplicate entry '10' for key 'PRIMARY' for query INSERT INTO `wp_actionscheduler_actions` (`action_id`, `hook`, `status`, `scheduled_date_gmt`, `scheduled_date_local`, `last_attempt_gmt`, `last_attempt_local`) VALUES ('10', '', '', '2024-06-04 00:00:00', '2024-06-04 00:00:00', '2024-06-04 00:00:00', '2024-06-04 00:00:00') made by do_action('wp_ajax_owp_ajax_required_plugins_activate'), WP_Hook->do_action, WP_Hook->apply_filters, OceanWP_Demos->ajax_required_plugins_activate, activate_plugin, plugin_sandbox_scrape, include_once('/plugins/wpforms-lite/wpforms.php'), wpforms, WPForms\WPForms::instance, WPForms\WPForms->includes, WPForms\WPForms->includes_magic, require_once('/plugins/wpforms-lite/vendor/woocommerce/action-scheduler/action-scheduler.php'), action_scheduler_initialize_3_dot_7_dot_2, ActionScheduler::init, ActionScheduler_HybridStore->init, ActionScheduler_DBStore->init, ActionScheduler_Abstract_Schema->register_tables, ActionScheduler_Abstract_Schema->update_table, do_action('action_scheduler/created_table'), WP_Hook->do_action, WP_Hook->apply_filters, ActionScheduler_HybridStore->set_autoincrement
[03-Jun-2024 12:37:54 UTC] WordPress database error Duplicate entry 'action_scheduler_lock_async-request-runner' for key 'option_name' for query INSERT INTO `wp_options` (`option_name`, `option_value`, `autoload`) VALUES ('action_scheduler_lock_async-request-runner', '665db9226333b6.50072133|1717418334', 'no') made by shutdown_action_hook, do_action('shutdown'), WP_Hook->do_action, WP_Hook->apply_filters, ActionScheduler_QueueRunner->maybe_dispatch_async_request, ActionScheduler_OptionLock->set
[03-Jun-2024 12:43:12 UTC] PHP Fatal error:  Uncaught Exception: Invalid post. in /home/edwardrem/Local Sites/mysystem/app/public/wp-content/plugins/elementor/core/settings/page/manager.php:101
Stack trace:
#0 /home/edwardrem/Local Sites/mysystem/app/public/wp-content/plugins/elementor/core/base/document.php(1772): Elementor\Core\Settings\Page\Manager->ajax_before_save_settings(Array, NULL)
#1 /home/edwardrem/Local Sites/mysystem/app/public/wp-content/plugins/elementor/core/base/document.php(891): Elementor\Core\Base\Document->save_settings(Array)
#2 /home/edwardrem/Local Sites/mysystem/app/public/wp-content/plugins/elementor/core/kits/manager.php(295): Elementor\Core\Base\Document->update_settings(Array)
#3 /home/edwardrem/Local Sites/mysystem/app/public/wp-content/plugins/elementor/core/kits/manager.php(464): Elementor\Core\Kits\Manager->update_kit_settings_based_on_option('site_name', 'SDA')
#4 /home/edwardrem/Local Sites/mysystem/app/public/wp-includes/class-wp-hook.php(326): Elementor\Core\Kits\Manager->Elementor\Core\Kits\{closure}('MySystem', 'SDA')
#5 /home/edwardrem/Local Sites/mysystem/app/public/wp-includes/class-wp-hook.php(348): WP_Hook->apply_filters('', Array)
#6 /home/edwardrem/Local Sites/mysystem/app/public/wp-includes/plugin.php(517): WP_Hook->do_action(Array)
#7 /home/edwardrem/Local Sites/mysystem/app/public/wp-includes/option.php(889): do_action('update_option_b...', 'MySystem', 'SDA', 'blogname')
#8 /home/edwardrem/Local Sites/mysystem/app/public/wp-includes/class-wp-customize-setting.php(659): update_option('blogname', 'SDA', true)
#9 /home/edwardrem/Local Sites/mysystem/app/public/wp-includes/class-wp-customize-setting.php(685): WP_Customize_Setting->set_root_value('SDA')
#10 /home/edwardrem/Local Sites/mysystem/app/public/wp-includes/class-wp-customize-setting.php(541): WP_Customize_Setting->update('SDA')
#11 /home/edwardrem/Local Sites/mysystem/app/public/wp-includes/class-wp-customize-manager.php(3577): WP_Customize_Setting->save()
#12 /home/edwardrem/Local Sites/mysystem/app/public/wp-includes/theme.php(3677): WP_Customize_Manager->_publish_changeset_values(649)
#13 /home/edwardrem/Local Sites/mysystem/app/public/wp-includes/class-wp-hook.php(324): _wp_customize_publish_changeset('publish', 'auto-draft', Object(WP_Post))
#14 /home/edwardrem/Local Sites/mysystem/app/public/wp-includes/class-wp-hook.php(348): WP_Hook->apply_filters(NULL, Array)
#15 /home/edwardrem/Local Sites/mysystem/app/public/wp-includes/plugin.php(517): WP_Hook->do_action(Array)
#16 /home/edwardrem/Local Sites/mysystem/app/public/wp-includes/post.php(5458): do_action('transition_post...', 'publish', 'auto-draft', Object(WP_Post))
#17 /home/edwardrem/Local Sites/mysystem/app/public/wp-includes/post.php(4718): wp_transition_post_status('publish', 'auto-draft', Object(WP_Post))
#18 /home/edwardrem/Local Sites/mysystem/app/public/wp-includes/post.php(4930): wp_insert_post(Array, true, true)
#19 /home/edwardrem/Local Sites/mysystem/app/public/wp-includes/class-wp-customize-manager.php(2969): wp_update_post(Array, true)
#20 /home/edwardrem/Local Sites/mysystem/app/public/wp-includes/class-wp-customize-manager.php(2531): WP_Customize_Manager->save_changeset_post(Array)
#21 /home/edwardrem/Local Sites/mysystem/app/public/wp-includes/class-wp-hook.php(324): WP_Customize_Manager->save('')
#22 /home/edwardrem/Local Sites/mysystem/app/public/wp-includes/class-wp-hook.php(348): WP_Hook->apply_filters('', Array)
#23 /home/edwardrem/Local Sites/mysystem/app/public/wp-includes/plugin.php(517): WP_Hook->do_action(Array)
#24 /home/edwardrem/Local Sites/mysystem/app/public/wp-admin/admin-ajax.php(192): do_action('wp_ajax_customi...')
#25 {main}
  thrown in /home/edwardrem/Local Sites/mysystem/app/public/wp-content/plugins/elementor/core/settings/page/manager.php on line 101
